<?xml version="1.0" encoding="UTF-8"?>
<!-- Generated by org.testng.reporters.JUnitXMLReporter -->
<testsuite ignored="0" hostname="Adarsh" failures="0" tests="7" name="Bank Application Tests" time="23.303" errors="0" timestamp="2026-08-31T11:58:32 IST">
  <testcase classname="tests.LoginTests" name="invalidLoginTest" time="1.117"/>
  <testcase classname="tests.LoginTests" name="validLoginTest" time="0.683"/>
  <testcase classname="tests.DashboardTests" name="verifyDashboardTitle" time="0.755"/>
  <testcase classname="tests.AccountTests" name="verifyProductInformation" time="0.943"/>
  <testcase classname="tests.TransferTests" name="addProductAsTransferSimulation" time="1.289"/>
  <testcase classname="tests.TransactionTests" name="verifyTransactionProduct" time="0.884"/>
  <testcase classname="tests.LogoutTests" name="logoutTest" time="1.144"/>
</testsuite> <!-- Bank Application Tests -->
